<?xml version="1.0" encoding="UTF-8"?>
<!-- Generated by org.testng.reporters.JUnitReportReporter -->
<testsuite hostname="DESKTOP-HKQFLEQ" failures="0" tests="1" name="WindowHandler" time="9.943" errors="0" timestamp="2021-12-16T10:15:54 IST" skipped="0">
  <testcase classname="WindowHandler" name="LaunchBrowser" time="9.943"/>
  <system-out/>
</testsuite> <!-- WindowHandler -->
