<?xml version="1.0" encoding="UTF-8"?>
<!-- Generated by org.testng.reporters.JUnitReportReporter -->
<testsuite hostname="DESKTOP-HKQFLEQ" failures="0" tests="1" name="BrokenLinks" time="24.002" errors="0" timestamp="2021-12-16T11:54:49 IST" skipped="0">
  <testcase classname="BrokenLinks" name="ValidateLinks" time="24.002"/>
  <system-out/>
</testsuite> <!-- BrokenLinks -->
