<?xml version="1.0" encoding="UTF-8"?>
<!-- Generated by org.testng.reporters.JUnitReportReporter -->
<testsuite hostname="DESKTOP-HKQFLEQ" failures="0" tests="1" name="TabHandler" time="10.135" errors="0" timestamp="2021-12-16T10:41:44 IST" skipped="0">
  <testcase classname="TabHandler" name="TabOperations" time="10.135"/>
  <system-out/>
</testsuite> <!-- TabHandler -->
